
 ==============================
 S N O P T  7.2-5    (May 2007)
 ==============================
 
 SNMEMB EXIT 100 -- finished successfully
 SNMEMB INFO 104 -- memory requirements estimated

 ==============================
 S N O P T  7.2-5    (May 2007)
 ==============================
 
 

 Nonlinear constraints       1     Linear constraints       0
 Nonlinear variables         3     Linear variables         0
 Jacobian  variables         3     Objective variables      3
 Total constraints           1     Total variables          3
 

 
 The user has defined       3   out of       3   constraint gradients.
 The user has defined       3   out of       3   objective  gradients.
 

 Major Minors     Step   nCon Feasible  Optimal  MeritFunction    nS Penalty
     0      6               1  1.1E+00  5.1E-03  2.0576786E+05     3           r i
     1      1  1.9E-02      2  6.9E-01  5.1E-03  2.0487095E+05     3         n rli
     2      1  2.2E-01      4  5.0E-01  5.1E-03  2.0397386E+05     3         n rli
     3      1  1.5E+00      7  1.7E-01  5.7E-03  1.9770012E+05     3         n rli
     4      2  3.1E-01      9  1.3E-02  3.9E+00  3.0175099E+04     2         n rl
     5      1  1.0E+00     11  2.1E-04  1.9E-02 -1.9606140E+04     2         sM
     6      1  1.0E+00     13  1.1E-02  1.1E-01 -2.4871301E+04     2          m
     7      1  1.0E+00     14  1.6E-03  1.6E-01 -2.2600975E+04     2 5.6E+04
     8      2  1.0E+00     15 (3.0E-06) 1.2E-01 -2.2535473E+04     1 1.7E+05
     9      3  1.7E-01     17  3.3E-02  5.6E+00 -3.4355316E+04     2 4.1E+02

 Major Minors     Step   nCon Feasible  Optimal  MeritFunction    nS Penalty
    10      1  1.0E+00     18  2.3E-02  2.3E-01 -2.9100754E+04     2 1.2E+04
    11      1  5.4E-01     20  2.5E-03  2.3E-01 -2.8589766E+04     2 2.3E+04
    12      1  1.0E+00     22  2.7E-02  8.3E-01 -5.5305525E+04     2 3.0E+02  m
    13      2  6.0E-02     24  2.5E-02  7.4E-01 -4.2091240E+04     1 1.4E+04
    14      5  2.9E-01     33  2.1E-02  3.4E+00 -1.4123734E+05     2 2.7E+04  m
    15      1  1.3E-02     36  2.0E-02  3.3E+00 -9.3647475E+04     2 7.3E+04 n
    16      2  1.4E-02     39  2.0E-02  4.2E+00 -9.3601533E+04     3 7.3E+04 n R i
    17      2  1.0E+00     41  1.9E-02  4.1E+00 -6.5617604E+03     2 1.7E+05 sM
    18      1  1.0E+00     43  1.3E-02  7.1E+00 -2.4168246E+05     2 1.7E+05 n
    19      1  1.0E+00     45  1.8E-02  3.9E+01 -4.9953906E+05     2 3.0E+05 n R

 Major Minors     Step   nCon Feasible  Optimal  MeritFunction    nS Penalty
    20      1  3.7E-01     55  2.0E-01  1.8E+02 -1.7507595E+06     2 2.2E+03 sm
    21      2  7.9E-02     58  1.9E-01  1.7E+02 -1.4851486E+06     1 5.1E+03 n
    22      2  1.0E+00     60  2.8E-02  1.1E+02 -1.4794119E+06     2 5.4E+03 n R i
    23      3  1.0E+00     61  2.5E-02  1.7E+02 -1.4931516E+06     2 9.2E+03 s
    24      2  1.0E+00     63  5.7E-03  8.2E+01 -2.2269352E+06     3 9.2E+03  m  i
    25      2  3.0E-01     71  6.4E-01  5.5E+02 -6.1018894E+06     2 7.7E+02  m
    26      1  8.6E-03     74  6.3E-01  5.4E+02 -3.9425041E+06     2 1.7E+03 n
    27      2  8.6E-03     77  6.3E-01  5.9E+02 -3.9306914E+06     3 1.7E+03 n R i
